  Determinando los proyectos que se van a restaurar...
  Todos los proyectos están actualizados para la restauración.
  SPA.Domain -> C:\PROJECT\SPA\SPA.Domain\bin\Debug\net9.0\SPA.Domain.dll
C:\PROJECT\SPA\SPA.Infrastructure\Repositories\CitaRepository.cs(2,18): error CS0234: El tipo o el nombre del espacio de nombres 'Interfaces' no existe en el espacio de nombres 'SPA.Domain' (¿falta alguna referencia de ensamblado?) [C:\PROJECT\SPA\SPA.Infrastructure\SPA.Infrastructure.csproj]
C:\PROJECT\SPA\SPA.Infrastructure\Repositories\ClienteRepository.cs(3,18): error CS0234: El tipo o el nombre del espacio de nombres 'Interfaces' no existe en el espacio de nombres 'SPA.Domain' (¿falta alguna referencia de ensamblado?) [C:\PROJECT\SPA\SPA.Infrastructure\SPA.Infrastructure.csproj]
C:\PROJECT\SPA\SPA.Infrastructure\Repositories\EmpleadoRepository.cs(3,18): error CS0234: El tipo o el nombre del espacio de nombres 'Interfaces' no existe en el espacio de nombres 'SPA.Domain' (¿falta alguna referencia de ensamblado?) [C:\PROJECT\SPA\SPA.Infrastructure\SPA.Infrastructure.csproj]
C:\PROJECT\SPA\SPA.Infrastructure\Repositories\ServicioRepository.cs(3,18): error CS0234: El tipo o el nombre del espacio de nombres 'Interfaces' no existe en el espacio de nombres 'SPA.Domain' (¿falta alguna referencia de ensamblado?) [C:\PROJECT\SPA\SPA.Infrastructure\SPA.Infrastructure.csproj]
C:\PROJECT\SPA\SPA.Infrastructure\Core\BaseRepository.cs(8,28): error CS0246: El nombre del tipo o del espacio de nombres 'SpaContext' no se encontró (¿falta una directiva using o una referencia de ensamblado?) [C:\PROJECT\SPA\SPA.Infrastructure\SPA.Infrastructure.csproj]
C:\PROJECT\SPA\SPA.Infrastructure\Core\BaseRepository.cs(11,31): error CS0246: El nombre del tipo o del espacio de nombres 'SpaContext' no se encontró (¿falta una directiva using o una referencia de ensamblado?) [C:\PROJECT\SPA\SPA.Infrastructure\SPA.Infrastructure.csproj]
C:\PROJECT\SPA\SPA.Infrastructure\Repositories\CitaRepository.cs(19,35): error CS0118: 'Cita' es espacio de nombres pero se usa como tipo [C:\PROJECT\SPA\SPA.Infrastructure\SPA.Infrastructure.csproj]
C:\PROJECT\SPA\SPA.Infrastructure\Repositories\CitaRepository.cs(29,23): error CS0118: 'Cita' es espacio de nombres pero se usa como tipo [C:\PROJECT\SPA\SPA.Infrastructure\SPA.Infrastructure.csproj]
C:\PROJECT\SPA\SPA.Infrastructure\Repositories\CitaRepository.cs(38,36): error CS0118: 'Cita' es espacio de nombres pero se usa como tipo [C:\PROJECT\SPA\SPA.Infrastructure\SPA.Infrastructure.csproj]
C:\PROJECT\SPA\SPA.Infrastructure\Repositories\CitaRepository.cs(45,35): error CS0118: 'Cita' es espacio de nombres pero se usa como tipo [C:\PROJECT\SPA\SPA.Infrastructure\SPA.Infrastructure.csproj]
C:\PROJECT\SPA\SPA.Infrastructure\Repositories\CitaRepository.cs(9,31): error CS0738: 'CitaRepository' no implementa el miembro de interfaz 'ICitaRepository.GetAllAsync()'. 'CitaRepository.GetAllAsync()' no puede implementar 'ICitaRepository.GetAllAsync()' porque no tiene el tipo de valor devuelto coincidente de 'Task<IEnumerable<Cita>>'. [C:\PROJECT\SPA\SPA.Infrastructure\SPA.Infrastructure.csproj]
C:\PROJECT\SPA\SPA.Infrastructure\Repositories\CitaRepository.cs(9,31): error CS0738: 'CitaRepository' no implementa el miembro de interfaz 'ICitaRepository.GetByIdAsync(int)'. 'CitaRepository.GetByIdAsync(int)' no puede implementar 'ICitaRepository.GetByIdAsync(int)' porque no tiene el tipo de valor devuelto coincidente de 'Task<Cita?>'. [C:\PROJECT\SPA\SPA.Infrastructure\SPA.Infrastructure.csproj]
C:\PROJECT\SPA\SPA.Infrastructure\Repositories\CitaRepository.cs(9,31): error CS0535: 'CitaRepository' no implementa el miembro de interfaz 'ICitaRepository.AddAsync(Cita)' [C:\PROJECT\SPA\SPA.Infrastructure\SPA.Infrastructure.csproj]
C:\PROJECT\SPA\SPA.Infrastructure\Repositories\CitaRepository.cs(9,31): error CS0535: 'CitaRepository' no implementa el miembro de interfaz 'ICitaRepository.UpdateAsync(Cita)' [C:\PROJECT\SPA\SPA.Infrastructure\SPA.Infrastructure.csproj]
C:\PROJECT\SPA\SPA.Infrastructure\Repositories\CitaRepository.cs(11,22): error CS0246: El nombre del tipo o del espacio de nombres 'SPAcontext' no se encontró (¿falta una directiva using o una referencia de ensamblado?) [C:\PROJECT\SPA\SPA.Infrastructure\SPA.Infrastructure.csproj]
C:\PROJECT\SPA\SPA.Infrastructure\Repositories\CitaRepository.cs(13,27): error CS0246: El nombre del tipo o del espacio de nombres 'SPAcontext' no se encontró (¿falta una directiva using o una referencia de ensamblado?) [C:\PROJECT\SPA\SPA.Infrastructure\SPA.Infrastructure.csproj]
C:\PROJECT\SPA\SPA.Infrastructure\Repositories\ClienteRepository.cs(8,38): error CS0246: El nombre del tipo o del espacio de nombres 'BaseRepository<>' no se encontró (¿falta una directiva using o una referencia de ensamblado?) [C:\PROJECT\SPA\SPA.Infrastructure\SPA.Infrastructure.csproj]
C:\PROJECT\SPA\SPA.Infrastructure\Repositories\ClienteRepository.cs(8,53): error CS0118: 'Cliente' es espacio de nombres pero se usa como tipo [C:\PROJECT\SPA\SPA.Infrastructure\SPA.Infrastructure.csproj]
C:\PROJECT\SPA\SPA.Infrastructure\Repositories\ClienteRepository.cs(17,39): error CS0118: 'Cliente' es espacio de nombres pero se usa como tipo [C:\PROJECT\SPA\SPA.Infrastructure\SPA.Infrastructure.csproj]
C:\PROJECT\SPA\SPA.Infrastructure\Repositories\ClienteRepository.cs(23,27): error CS0118: 'Cliente' es espacio de nombres pero se usa como tipo [C:\PROJECT\SPA\SPA.Infrastructure\SPA.Infrastructure.csproj]
C:\PROJECT\SPA\SPA.Infrastructure\Repositories\ClienteRepository.cs(30,36): error CS0118: 'Cliente' es espacio de nombres pero se usa como tipo [C:\PROJECT\SPA\SPA.Infrastructure\SPA.Infrastructure.csproj]
C:\PROJECT\SPA\SPA.Infrastructure\Repositories\ClienteRepository.cs(37,39): error CS0118: 'Cliente' es espacio de nombres pero se usa como tipo [C:\PROJECT\SPA\SPA.Infrastructure\SPA.Infrastructure.csproj]
C:\PROJECT\SPA\SPA.Infrastructure\Repositories\EmpleadoRepository.cs(8,39): error CS0246: El nombre del tipo o del espacio de nombres 'BaseRepository<>' no se encontró (¿falta una directiva using o una referencia de ensamblado?) [C:\PROJECT\SPA\SPA.Infrastructure\SPA.Infrastructure.csproj]
C:\PROJECT\SPA\SPA.Infrastructure\Repositories\EmpleadoRepository.cs(8,54): error CS0118: 'Empleado' es espacio de nombres pero se usa como tipo [C:\PROJECT\SPA\SPA.Infrastructure\SPA.Infrastructure.csproj]
C:\PROJECT\SPA\SPA.Infrastructure\Repositories\EmpleadoRepository.cs(18,39): error CS0118: 'Empleado' es espacio de nombres pero se usa como tipo [C:\PROJECT\SPA\SPA.Infrastructure\SPA.Infrastructure.csproj]
C:\PROJECT\SPA\SPA.Infrastructure\Repositories\EmpleadoRepository.cs(24,27): error CS0118: 'Empleado' es espacio de nombres pero se usa como tipo [C:\PROJECT\SPA\SPA.Infrastructure\SPA.Infrastructure.csproj]
C:\PROJECT\SPA\SPA.Infrastructure\Repositories\EmpleadoRepository.cs(31,36): error CS0118: 'Empleado' es espacio de nombres pero se usa como tipo [C:\PROJECT\SPA\SPA.Infrastructure\SPA.Infrastructure.csproj]
C:\PROJECT\SPA\SPA.Infrastructure\Repositories\EmpleadoRepository.cs(38,39): error CS0118: 'Empleado' es espacio de nombres pero se usa como tipo [C:\PROJECT\SPA\SPA.Infrastructure\SPA.Infrastructure.csproj]
C:\PROJECT\SPA\SPA.Infrastructure\Repositories\ClienteRepository.cs(8,63): error CS0738: 'ClienteRepository' no implementa el miembro de interfaz 'IClienteRepository.GetAllAsync()'. 'ClienteRepository.GetAllAsync()' no puede implementar 'IClienteRepository.GetAllAsync()' porque no tiene el tipo de valor devuelto coincidente de 'Task<IEnumerable<Cliente>>'. [C:\PROJECT\SPA\SPA.Infrastructure\SPA.Infrastructure.csproj]
C:\PROJECT\SPA\SPA.Infrastructure\Repositories\ClienteRepository.cs(8,63): error CS0738: 'ClienteRepository' no implementa el miembro de interfaz 'IClienteRepository.GetByIdAsync(int)'. 'ClienteRepository.GetByIdAsync(int)' no puede implementar 'IClienteRepository.GetByIdAsync(int)' porque no tiene el tipo de valor devuelto coincidente de 'Task<Cliente?>'. [C:\PROJECT\SPA\SPA.Infrastructure\SPA.Infrastructure.csproj]
C:\PROJECT\SPA\SPA.Infrastructure\Repositories\ClienteRepository.cs(8,63): error CS0535: 'ClienteRepository' no implementa el miembro de interfaz 'IClienteRepository.AddAsync(Cliente)' [C:\PROJECT\SPA\SPA.Infrastructure\SPA.Infrastructure.csproj]
C:\PROJECT\SPA\SPA.Infrastructure\Repositories\ClienteRepository.cs(8,63): error CS0535: 'ClienteRepository' no implementa el miembro de interfaz 'IClienteRepository.UpdateAsync(Cliente)' [C:\PROJECT\SPA\SPA.Infrastructure\SPA.Infrastructure.csproj]
C:\PROJECT\SPA\SPA.Infrastructure\Repositories\ServicioRepository.cs(8,39): error CS0246: El nombre del tipo o del espacio de nombres 'BaseRepository<>' no se encontró (¿falta una directiva using o una referencia de ensamblado?) [C:\PROJECT\SPA\SPA.Infrastructure\SPA.Infrastructure.csproj]
C:\PROJECT\SPA\SPA.Infrastructure\Repositories\ServicioRepository.cs(8,54): error CS0118: 'Servicio' es espacio de nombres pero se usa como tipo [C:\PROJECT\SPA\SPA.Infrastructure\SPA.Infrastructure.csproj]
C:\PROJECT\SPA\SPA.Infrastructure\Repositories\EmpleadoRepository.cs(8,65): error CS0738: 'EmpleadoRepository' no implementa el miembro de interfaz 'IEmpleadoRepository.GetAllAsync()'. 'EmpleadoRepository.GetAllAsync()' no puede implementar 'IEmpleadoRepository.GetAllAsync()' porque no tiene el tipo de valor devuelto coincidente de 'Task<IEnumerable<Empleado>>'. [C:\PROJECT\SPA\SPA.Infrastructure\SPA.Infrastructure.csproj]
C:\PROJECT\SPA\SPA.Infrastructure\Repositories\EmpleadoRepository.cs(8,65): error CS0738: 'EmpleadoRepository' no implementa el miembro de interfaz 'IEmpleadoRepository.GetByIdAsync(int)'. 'EmpleadoRepository.GetByIdAsync(int)' no puede implementar 'IEmpleadoRepository.GetByIdAsync(int)' porque no tiene el tipo de valor devuelto coincidente de 'Task<Empleado?>'. [C:\PROJECT\SPA\SPA.Infrastructure\SPA.Infrastructure.csproj]
C:\PROJECT\SPA\SPA.Infrastructure\Repositories\EmpleadoRepository.cs(8,65): error CS0535: 'EmpleadoRepository' no implementa el miembro de interfaz 'IEmpleadoRepository.AddAsync(Empleado)' [C:\PROJECT\SPA\SPA.Infrastructure\SPA.Infrastructure.csproj]
C:\PROJECT\SPA\SPA.Infrastructure\Repositories\EmpleadoRepository.cs(8,65): error CS0535: 'EmpleadoRepository' no implementa el miembro de interfaz 'IEmpleadoRepository.UpdateAsync(Empleado)' [C:\PROJECT\SPA\SPA.Infrastructure\SPA.Infrastructure.csproj]
C:\PROJECT\SPA\SPA.Infrastructure\Repositories\ServicioRepository.cs(18,39): error CS0118: 'Servicio' es espacio de nombres pero se usa como tipo [C:\PROJECT\SPA\SPA.Infrastructure\SPA.Infrastructure.csproj]
C:\PROJECT\SPA\SPA.Infrastructure\Repositories\ServicioRepository.cs(24,27): error CS0118: 'Servicio' es espacio de nombres pero se usa como tipo [C:\PROJECT\SPA\SPA.Infrastructure\SPA.Infrastructure.csproj]
C:\PROJECT\SPA\SPA.Infrastructure\Repositories\ServicioRepository.cs(31,36): error CS0118: 'Servicio' es espacio de nombres pero se usa como tipo [C:\PROJECT\SPA\SPA.Infrastructure\SPA.Infrastructure.csproj]
C:\PROJECT\SPA\SPA.Infrastructure\Repositories\ServicioRepository.cs(38,39): error CS0118: 'Servicio' es espacio de nombres pero se usa como tipo [C:\PROJECT\SPA\SPA.Infrastructure\SPA.Infrastructure.csproj]
C:\PROJECT\SPA\SPA.Infrastructure\Repositories\ServicioRepository.cs(8,65): error CS0738: 'ServicioRepository' no implementa el miembro de interfaz 'IServicioRepository.GetAllAsync()'. 'ServicioRepository.GetAllAsync()' no puede implementar 'IServicioRepository.GetAllAsync()' porque no tiene el tipo de valor devuelto coincidente de 'Task<IEnumerable<Servicio>>'. [C:\PROJECT\SPA\SPA.Infrastructure\SPA.Infrastructure.csproj]
C:\PROJECT\SPA\SPA.Infrastructure\Repositories\ServicioRepository.cs(8,65): error CS0738: 'ServicioRepository' no implementa el miembro de interfaz 'IServicioRepository.GetByIdAsync(int)'. 'ServicioRepository.GetByIdAsync(int)' no puede implementar 'IServicioRepository.GetByIdAsync(int)' porque no tiene el tipo de valor devuelto coincidente de 'Task<Servicio?>'. [C:\PROJECT\SPA\SPA.Infrastructure\SPA.Infrastructure.csproj]
C:\PROJECT\SPA\SPA.Infrastructure\Repositories\ServicioRepository.cs(8,65): error CS0535: 'ServicioRepository' no implementa el miembro de interfaz 'IServicioRepository.AddAsync(Servicio)' [C:\PROJECT\SPA\SPA.Infrastructure\SPA.Infrastructure.csproj]
C:\PROJECT\SPA\SPA.Infrastructure\Repositories\ServicioRepository.cs(8,65): error CS0535: 'ServicioRepository' no implementa el miembro de interfaz 'IServicioRepository.UpdateAsync(Servicio)' [C:\PROJECT\SPA\SPA.Infrastructure\SPA.Infrastructure.csproj]

ERROR al compilar.

C:\PROJECT\SPA\SPA.Infrastructure\Repositories\CitaRepository.cs(2,18): error CS0234: El tipo o el nombre del espacio de nombres 'Interfaces' no existe en el espacio de nombres 'SPA.Domain' (¿falta alguna referencia de ensamblado?) [C:\PROJECT\SPA\SPA.Infrastructure\SPA.Infrastructure.csproj]
C:\PROJECT\SPA\SPA.Infrastructure\Repositories\ClienteRepository.cs(3,18): error CS0234: El tipo o el nombre del espacio de nombres 'Interfaces' no existe en el espacio de nombres 'SPA.Domain' (¿falta alguna referencia de ensamblado?) [C:\PROJECT\SPA\SPA.Infrastructure\SPA.Infrastructure.csproj]
C:\PROJECT\SPA\SPA.Infrastructure\Repositories\EmpleadoRepository.cs(3,18): error CS0234: El tipo o el nombre del espacio de nombres 'Interfaces' no existe en el espacio de nombres 'SPA.Domain' (¿falta alguna referencia de ensamblado?) [C:\PROJECT\SPA\SPA.Infrastructure\SPA.Infrastructure.csproj]
C:\PROJECT\SPA\SPA.Infrastructure\Repositories\ServicioRepository.cs(3,18): error CS0234: El tipo o el nombre del espacio de nombres 'Interfaces' no existe en el espacio de nombres 'SPA.Domain' (¿falta alguna referencia de ensamblado?) [C:\PROJECT\SPA\SPA.Infrastructure\SPA.Infrastructure.csproj]
C:\PROJECT\SPA\SPA.Infrastructure\Core\BaseRepository.cs(8,28): error CS0246: El nombre del tipo o del espacio de nombres 'SpaContext' no se encontró (¿falta una directiva using o una referencia de ensamblado?) [C:\PROJECT\SPA\SPA.Infrastructure\SPA.Infrastructure.csproj]
C:\PROJECT\SPA\SPA.Infrastructure\Core\BaseRepository.cs(11,31): error CS0246: El nombre del tipo o del espacio de nombres 'SpaContext' no se encontró (¿falta una directiva using o una referencia de ensamblado?) [C:\PROJECT\SPA\SPA.Infrastructure\SPA.Infrastructure.csproj]
C:\PROJECT\SPA\SPA.Infrastructure\Repositories\CitaRepository.cs(19,35): error CS0118: 'Cita' es espacio de nombres pero se usa como tipo [C:\PROJECT\SPA\SPA.Infrastructure\SPA.Infrastructure.csproj]
C:\PROJECT\SPA\SPA.Infrastructure\Repositories\CitaRepository.cs(29,23): error CS0118: 'Cita' es espacio de nombres pero se usa como tipo [C:\PROJECT\SPA\SPA.Infrastructure\SPA.Infrastructure.csproj]
C:\PROJECT\SPA\SPA.Infrastructure\Repositories\CitaRepository.cs(38,36): error CS0118: 'Cita' es espacio de nombres pero se usa como tipo [C:\PROJECT\SPA\SPA.Infrastructure\SPA.Infrastructure.csproj]
C:\PROJECT\SPA\SPA.Infrastructure\Repositories\CitaRepository.cs(45,35): error CS0118: 'Cita' es espacio de nombres pero se usa como tipo [C:\PROJECT\SPA\SPA.Infrastructure\SPA.Infrastructure.csproj]
C:\PROJECT\SPA\SPA.Infrastructure\Repositories\CitaRepository.cs(9,31): error CS0738: 'CitaRepository' no implementa el miembro de interfaz 'ICitaRepository.GetAllAsync()'. 'CitaRepository.GetAllAsync()' no puede implementar 'ICitaRepository.GetAllAsync()' porque no tiene el tipo de valor devuelto coincidente de 'Task<IEnumerable<Cita>>'. [C:\PROJECT\SPA\SPA.Infrastructure\SPA.Infrastructure.csproj]
C:\PROJECT\SPA\SPA.Infrastructure\Repositories\CitaRepository.cs(9,31): error CS0738: 'CitaRepository' no implementa el miembro de interfaz 'ICitaRepository.GetByIdAsync(int)'. 'CitaRepository.GetByIdAsync(int)' no puede implementar 'ICitaRepository.GetByIdAsync(int)' porque no tiene el tipo de valor devuelto coincidente de 'Task<Cita?>'. [C:\PROJECT\SPA\SPA.Infrastructure\SPA.Infrastructure.csproj]
C:\PROJECT\SPA\SPA.Infrastructure\Repositories\CitaRepository.cs(9,31): error CS0535: 'CitaRepository' no implementa el miembro de interfaz 'ICitaRepository.AddAsync(Cita)' [C:\PROJECT\SPA\SPA.Infrastructure\SPA.Infrastructure.csproj]
C:\PROJECT\SPA\SPA.Infrastructure\Repositories\CitaRepository.cs(9,31): error CS0535: 'CitaRepository' no implementa el miembro de interfaz 'ICitaRepository.UpdateAsync(Cita)' [C:\PROJECT\SPA\SPA.Infrastructure\SPA.Infrastructure.csproj]
C:\PROJECT\SPA\SPA.Infrastructure\Repositories\CitaRepository.cs(11,22): error CS0246: El nombre del tipo o del espacio de nombres 'SPAcontext' no se encontró (¿falta una directiva using o una referencia de ensamblado?) [C:\PROJECT\SPA\SPA.Infrastructure\SPA.Infrastructure.csproj]
C:\PROJECT\SPA\SPA.Infrastructure\Repositories\CitaRepository.cs(13,27): error CS0246: El nombre del tipo o del espacio de nombres 'SPAcontext' no se encontró (¿falta una directiva using o una referencia de ensamblado?) [C:\PROJECT\SPA\SPA.Infrastructure\SPA.Infrastructure.csproj]
C:\PROJECT\SPA\SPA.Infrastructure\Repositories\ClienteRepository.cs(8,38): error CS0246: El nombre del tipo o del espacio de nombres 'BaseRepository<>' no se encontró (¿falta una directiva using o una referencia de ensamblado?) [C:\PROJECT\SPA\SPA.Infrastructure\SPA.Infrastructure.csproj]
C:\PROJECT\SPA\SPA.Infrastructure\Repositories\ClienteRepository.cs(8,53): error CS0118: 'Cliente' es espacio de nombres pero se usa como tipo [C:\PROJECT\SPA\SPA.Infrastructure\SPA.Infrastructure.csproj]
C:\PROJECT\SPA\SPA.Infrastructure\Repositories\ClienteRepository.cs(17,39): error CS0118: 'Cliente' es espacio de nombres pero se usa como tipo [C:\PROJECT\SPA\SPA.Infrastructure\SPA.Infrastructure.csproj]
C:\PROJECT\SPA\SPA.Infrastructure\Repositories\ClienteRepository.cs(23,27): error CS0118: 'Cliente' es espacio de nombres pero se usa como tipo [C:\PROJECT\SPA\SPA.Infrastructure\SPA.Infrastructure.csproj]
C:\PROJECT\SPA\SPA.Infrastructure\Repositories\ClienteRepository.cs(30,36): error CS0118: 'Cliente' es espacio de nombres pero se usa como tipo [C:\PROJECT\SPA\SPA.Infrastructure\SPA.Infrastructure.csproj]
C:\PROJECT\SPA\SPA.Infrastructure\Repositories\ClienteRepository.cs(37,39): error CS0118: 'Cliente' es espacio de nombres pero se usa como tipo [C:\PROJECT\SPA\SPA.Infrastructure\SPA.Infrastructure.csproj]
C:\PROJECT\SPA\SPA.Infrastructure\Repositories\EmpleadoRepository.cs(8,39): error CS0246: El nombre del tipo o del espacio de nombres 'BaseRepository<>' no se encontró (¿falta una directiva using o una referencia de ensamblado?) [C:\PROJECT\SPA\SPA.Infrastructure\SPA.Infrastructure.csproj]
C:\PROJECT\SPA\SPA.Infrastructure\Repositories\EmpleadoRepository.cs(8,54): error CS0118: 'Empleado' es espacio de nombres pero se usa como tipo [C:\PROJECT\SPA\SPA.Infrastructure\SPA.Infrastructure.csproj]
C:\PROJECT\SPA\SPA.Infrastructure\Repositories\EmpleadoRepository.cs(18,39): error CS0118: 'Empleado' es espacio de nombres pero se usa como tipo [C:\PROJECT\SPA\SPA.Infrastructure\SPA.Infrastructure.csproj]
C:\PROJECT\SPA\SPA.Infrastructure\Repositories\EmpleadoRepository.cs(24,27): error CS0118: 'Empleado' es espacio de nombres pero se usa como tipo [C:\PROJECT\SPA\SPA.Infrastructure\SPA.Infrastructure.csproj]
C:\PROJECT\SPA\SPA.Infrastructure\Repositories\EmpleadoRepository.cs(31,36): error CS0118: 'Empleado' es espacio de nombres pero se usa como tipo [C:\PROJECT\SPA\SPA.Infrastructure\SPA.Infrastructure.csproj]
C:\PROJECT\SPA\SPA.Infrastructure\Repositories\EmpleadoRepository.cs(38,39): error CS0118: 'Empleado' es espacio de nombres pero se usa como tipo [C:\PROJECT\SPA\SPA.Infrastructure\SPA.Infrastructure.csproj]
C:\PROJECT\SPA\SPA.Infrastructure\Repositories\ClienteRepository.cs(8,63): error CS0738: 'ClienteRepository' no implementa el miembro de interfaz 'IClienteRepository.GetAllAsync()'. 'ClienteRepository.GetAllAsync()' no puede implementar 'IClienteRepository.GetAllAsync()' porque no tiene el tipo de valor devuelto coincidente de 'Task<IEnumerable<Cliente>>'. [C:\PROJECT\SPA\SPA.Infrastructure\SPA.Infrastructure.csproj]
C:\PROJECT\SPA\SPA.Infrastructure\Repositories\ClienteRepository.cs(8,63): error CS0738: 'ClienteRepository' no implementa el miembro de interfaz 'IClienteRepository.GetByIdAsync(int)'. 'ClienteRepository.GetByIdAsync(int)' no puede implementar 'IClienteRepository.GetByIdAsync(int)' porque no tiene el tipo de valor devuelto coincidente de 'Task<Cliente?>'. [C:\PROJECT\SPA\SPA.Infrastructure\SPA.Infrastructure.csproj]
C:\PROJECT\SPA\SPA.Infrastructure\Repositories\ClienteRepository.cs(8,63): error CS0535: 'ClienteRepository' no implementa el miembro de interfaz 'IClienteRepository.AddAsync(Cliente)' [C:\PROJECT\SPA\SPA.Infrastructure\SPA.Infrastructure.csproj]
C:\PROJECT\SPA\SPA.Infrastructure\Repositories\ClienteRepository.cs(8,63): error CS0535: 'ClienteRepository' no implementa el miembro de interfaz 'IClienteRepository.UpdateAsync(Cliente)' [C:\PROJECT\SPA\SPA.Infrastructure\SPA.Infrastructure.csproj]
C:\PROJECT\SPA\SPA.Infrastructure\Repositories\ServicioRepository.cs(8,39): error CS0246: El nombre del tipo o del espacio de nombres 'BaseRepository<>' no se encontró (¿falta una directiva using o una referencia de ensamblado?) [C:\PROJECT\SPA\SPA.Infrastructure\SPA.Infrastructure.csproj]
C:\PROJECT\SPA\SPA.Infrastructure\Repositories\ServicioRepository.cs(8,54): error CS0118: 'Servicio' es espacio de nombres pero se usa como tipo [C:\PROJECT\SPA\SPA.Infrastructure\SPA.Infrastructure.csproj]
C:\PROJECT\SPA\SPA.Infrastructure\Repositories\EmpleadoRepository.cs(8,65): error CS0738: 'EmpleadoRepository' no implementa el miembro de interfaz 'IEmpleadoRepository.GetAllAsync()'. 'EmpleadoRepository.GetAllAsync()' no puede implementar 'IEmpleadoRepository.GetAllAsync()' porque no tiene el tipo de valor devuelto coincidente de 'Task<IEnumerable<Empleado>>'. [C:\PROJECT\SPA\SPA.Infrastructure\SPA.Infrastructure.csproj]
C:\PROJECT\SPA\SPA.Infrastructure\Repositories\EmpleadoRepository.cs(8,65): error CS0738: 'EmpleadoRepository' no implementa el miembro de interfaz 'IEmpleadoRepository.GetByIdAsync(int)'. 'EmpleadoRepository.GetByIdAsync(int)' no puede implementar 'IEmpleadoRepository.GetByIdAsync(int)' porque no tiene el tipo de valor devuelto coincidente de 'Task<Empleado?>'. [C:\PROJECT\SPA\SPA.Infrastructure\SPA.Infrastructure.csproj]
C:\PROJECT\SPA\SPA.Infrastructure\Repositories\EmpleadoRepository.cs(8,65): error CS0535: 'EmpleadoRepository' no implementa el miembro de interfaz 'IEmpleadoRepository.AddAsync(Empleado)' [C:\PROJECT\SPA\SPA.Infrastructure\SPA.Infrastructure.csproj]
C:\PROJECT\SPA\SPA.Infrastructure\Repositories\EmpleadoRepository.cs(8,65): error CS0535: 'EmpleadoRepository' no implementa el miembro de interfaz 'IEmpleadoRepository.UpdateAsync(Empleado)' [C:\PROJECT\SPA\SPA.Infrastructure\SPA.Infrastructure.csproj]
C:\PROJECT\SPA\SPA.Infrastructure\Repositories\ServicioRepository.cs(18,39): error CS0118: 'Servicio' es espacio de nombres pero se usa como tipo [C:\PROJECT\SPA\SPA.Infrastructure\SPA.Infrastructure.csproj]
C:\PROJECT\SPA\SPA.Infrastructure\Repositories\ServicioRepository.cs(24,27): error CS0118: 'Servicio' es espacio de nombres pero se usa como tipo [C:\PROJECT\SPA\SPA.Infrastructure\SPA.Infrastructure.csproj]
C:\PROJECT\SPA\SPA.Infrastructure\Repositories\ServicioRepository.cs(31,36): error CS0118: 'Servicio' es espacio de nombres pero se usa como tipo [C:\PROJECT\SPA\SPA.Infrastructure\SPA.Infrastructure.csproj]
C:\PROJECT\SPA\SPA.Infrastructure\Repositories\ServicioRepository.cs(38,39): error CS0118: 'Servicio' es espacio de nombres pero se usa como tipo [C:\PROJECT\SPA\SPA.Infrastructure\SPA.Infrastructure.csproj]
C:\PROJECT\SPA\SPA.Infrastructure\Repositories\ServicioRepository.cs(8,65): error CS0738: 'ServicioRepository' no implementa el miembro de interfaz 'IServicioRepository.GetAllAsync()'. 'ServicioRepository.GetAllAsync()' no puede implementar 'IServicioRepository.GetAllAsync()' porque no tiene el tipo de valor devuelto coincidente de 'Task<IEnumerable<Servicio>>'. [C:\PROJECT\SPA\SPA.Infrastructure\SPA.Infrastructure.csproj]
C:\PROJECT\SPA\SPA.Infrastructure\Repositories\ServicioRepository.cs(8,65): error CS0738: 'ServicioRepository' no implementa el miembro de interfaz 'IServicioRepository.GetByIdAsync(int)'. 'ServicioRepository.GetByIdAsync(int)' no puede implementar 'IServicioRepository.GetByIdAsync(int)' porque no tiene el tipo de valor devuelto coincidente de 'Task<Servicio?>'. [C:\PROJECT\SPA\SPA.Infrastructure\SPA.Infrastructure.csproj]
C:\PROJECT\SPA\SPA.Infrastructure\Repositories\ServicioRepository.cs(8,65): error CS0535: 'ServicioRepository' no implementa el miembro de interfaz 'IServicioRepository.AddAsync(Servicio)' [C:\PROJECT\SPA\SPA.Infrastructure\SPA.Infrastructure.csproj]
C:\PROJECT\SPA\SPA.Infrastructure\Repositories\ServicioRepository.cs(8,65): error CS0535: 'ServicioRepository' no implementa el miembro de interfaz 'IServicioRepository.UpdateAsync(Servicio)' [C:\PROJECT\SPA\SPA.Infrastructure\SPA.Infrastructure.csproj]
    0 Advertencia(s)
    46 Errores

Tiempo transcurrido 00:00:04.49
